Determining if the pthread_create exist failed with the following output:
Change Dir: /home/julien/GFR/ego_motion/gfr19d_ws/src/see_ego_motion_ukf/cmake-build-debug/CMakeFiles/CMakeTmp

Run Build Command:"/usr/bin/make" "cmTC_41339/fast"
/usr/bin/make -f CMakeFiles/cmTC_41339.dir/build.make CMakeFiles/cmTC_41339.dir/build
make[1]: Entering directory '/home/julien/GFR/ego_motion/gfr19d_ws/src/see_ego_motion_ukf/cmake-build-debug/CMakeFiles/CMakeTmp'
Building C object CMakeFiles/cmTC_41339.dir/CheckSymbolExists.c.o
/usr/bin/cc    -o CMakeFiles/cmTC_41339.dir/CheckSymbolExists.c.o   -c /home/julien/GFR/ego_motion/gfr19d_ws/src/see_ego_motion_ukf/cmake-build-debug/CMakeFiles/CMakeTmp/CheckSymbolExists.c
Linking C executable cmTC_41339
/opt/clion-2018.2.5/bin/cmake/linux/bin/cmake -E cmake_link_script CMakeFiles/cmTC_41339.dir/link.txt --verbose=1
/usr/bin/cc      -rdynamic CMakeFiles/cmTC_41339.dir/CheckSymbolExists.c.o  -o cmTC_41339 
CMakeFiles/cmTC_41339.dir/CheckSymbolExists.c.o: In function `main':
CheckSymbolExists.c:(.text+0x16): undefined reference to `pthread_create'
collect2: error: ld returned 1 exit status
CMakeFiles/cmTC_41339.dir/build.make:86: recipe for target 'cmTC_41339' failed
make[1]: *** [cmTC_41339] Error 1
make[1]: Leaving directory '/home/julien/GFR/ego_motion/gfr19d_ws/src/see_ego_motion_ukf/cmake-build-debug/CMakeFiles/CMakeTmp'
Makefile:121: recipe for target 'cmTC_41339/fast' failed
make: *** [cmTC_41339/fast] Error 2

File /home/julien/GFR/ego_motion/gfr19d_ws/src/see_ego_motion_ukf/cmake-build-debug/CMakeFiles/CMakeTmp/CheckSymbolExists.c:
/* */
#include <pthread.h>

int main(int argc, char** argv)
{
  (void)argv;
#ifndef pthread_create
  return ((int*)(&pthread_create))[argc];
#else
  (void)argc;
  return 0;
#endif
}

Determining if the function pthread_create exists in the pthreads failed with the following output:
Change Dir: /home/julien/GFR/ego_motion/gfr19d_ws/src/see_ego_motion_ukf/cmake-build-debug/CMakeFiles/CMakeTmp

Run Build Command:"/usr/bin/make" "cmTC_9df7d/fast"
/usr/bin/make -f CMakeFiles/cmTC_9df7d.dir/build.make CMakeFiles/cmTC_9df7d.dir/build
make[1]: Entering directory '/home/julien/GFR/ego_motion/gfr19d_ws/src/see_ego_motion_ukf/cmake-build-debug/CMakeFiles/CMakeTmp'
Building C object CMakeFiles/cmTC_9df7d.dir/CheckFunctionExists.c.o
/usr/bin/cc   -DCHECK_FUNCTION_EXISTS=pthread_create   -o CMakeFiles/cmTC_9df7d.dir/CheckFunctionExists.c.o   -c /opt/clion-2018.2.5/bin/cmake/linux/share/cmake-3.12/Modules/CheckFunctionExists.c
Linking C executable cmTC_9df7d
/opt/clion-2018.2.5/bin/cmake/linux/bin/cmake -E cmake_link_script CMakeFiles/cmTC_9df7d.dir/link.txt --verbose=1
/usr/bin/cc  -DCHECK_FUNCTION_EXISTS=pthread_create    -rdynamic CMakeFiles/cmTC_9df7d.dir/CheckFunctionExists.c.o  -o cmTC_9df7d -lpthreads 
/usr/bin/ld: cannot find -lpthreads
collect2: error: ld returned 1 exit status
CMakeFiles/cmTC_9df7d.dir/build.make:86: recipe for target 'cmTC_9df7d' failed
make[1]: *** [cmTC_9df7d] Error 1
make[1]: Leaving directory '/home/julien/GFR/ego_motion/gfr19d_ws/src/see_ego_motion_ukf/cmake-build-debug/CMakeFiles/CMakeTmp'
Makefile:121: recipe for target 'cmTC_9df7d/fast' failed
make: *** [cmTC_9df7d/fast] Error 2


